<?xml version="1.0" encoding="UTF-8"?>
<!-- Generated by org.testng.reporters.JUnitReportReporter -->
<testsuite hostname="uascs-Air.home" name="com.hubspot.tests.ContactsPageTest" tests="1" failures="0" timestamp="10 Mar 2020 03:00:12 GMT" time="33.686" errors="0">
  <testcase name="createNewContactTest" time="33.686" classname="com.hubspot.tests.ContactsPageTest"/>
</testsuite> <!-- com.hubspot.tests.ContactsPageTest -->
