<?xml version="1.0" encoding="UTF-8"?>
<!-- Generated by org.testng.reporters.JUnitReportReporter -->
<testsuite hostname="uascs-Air.home" name="com.hubspot.tests.ContactPageTest" tests="4" failures="0" timestamp="13 Mar 2020 23:11:57 GMT" time="134.013" errors="0">
  <testcase name="createNewPOMContactTest" time="44.071" classname="com.hubspot.tests.ContactPageTest"/>
  <testcase name="createNewPOMContactTest" time="32.926" classname="com.hubspot.tests.ContactPageTest"/>
  <testcase name="createNewPOMContactTest" time="32.591" classname="com.hubspot.tests.ContactPageTest"/>
  <testcase name="verifyContactsPage" time="24.425" classname="com.hubspot.tests.ContactPageTest"/>
</testsuite> <!-- com.hubspot.tests.ContactPageTest -->
