<?xml version="1.0" encoding="UTF-8"?>
<!-- Generated by org.testng.reporters.JUnitReportReporter -->
<testsuite hostname="uascs-Air.home" name="com.hubspot.tests.LoginPageTest" tests="1" failures="0" timestamp="14 Mar 2020 00:20:19 GMT" time="15.123" errors="0">
  <testcase name="loginTest1" time="15.123" classname="com.hubspot.tests.LoginPageTest"/>
</testsuite> <!-- com.hubspot.tests.LoginPageTest -->
